
> client@0.1.0 build
> react-scripts build

Creating an optimized production build...
Compiled with warnings.

[eslint] 
src\components\ActivitiesPage.js
  Line 6:18:  'setSortBy' is assigned a value but never used  no-unused-vars

src\components\AnalyticsPage.js
  Line 2:10:  'ChevronDown' is defined but never used  no-unused-vars

Search for the keywords to learn more about each warning.
To ignore, add // eslint-disable-next-line to the line before.

File sizes after gzip:

  409.57 kB  build\static\js\main.3006625c.js
  10.31 kB   build\static\css\main.27aba15e.css
  1.76 kB    build\static\js\453.d456ce70.chunk.js

The project was built assuming it is hosted at /.
You can control this with the homepage field in your package.json.

The build folder is ready to be deployed.
You may serve it with a static server:

  npm install -g serve
  serve -s build

Find out more about deployment here:

  https://cra.link/deployment

